C51 COMPILER V9.53.0.0   MOTORCON2                                                         05/01/2015 10:39:54 PAGE 1   


C51 COMPILER V9.53.0.0, COMPILATION OF MODULE MOTORCON2
OBJECT MODULE PLACED IN .\Objects\MotorCon2.obj
COMPILER INVOKED BY: C:\PROGRA~2\Keil\C51\BIN\C51.EXE MotorCon2.c LARGE OMF2 OPTIMIZE(8,SPEED) BROWSE DEBUG PRINT(.\List
                    -ings\MotorCon2.lst) TABS(2) OBJECT(.\Objects\MotorCon2.obj)

line level    source

*** WARNING C500 IN LINE 1 OF MotorCon2.c: LICENSE ERROR (R207(3): REGISTRY READ ERROR)

   1          /***************************************************************************/
   2          /*                                                                         */
   3          /*    A program to generate a sine wave using the DAC module               */
   4          /*                                                                         */
   5          /***************************************************************************/
   6          
   7          
   8          /***  Include Files  *******************************************************/
   9          
  10          #include <t89c51ac3.h>
  11          #include <math.h>
  12          
  13          #define PI 3.141592
  14          
  15          //P4 - IO module
  16          //P1 - motor
  17          
  18          int value;
  19          
  20          
  21          
  22          /**  Main Function  ********************************************************/
  23          
  24          
  25          void main()
  26          {
  27   1        //P1 = P0;
  28   1        if(P0_7 == TRUE){
  29   2          P1 = P0;
  30   2          }
  31   1        else{
  32   2          P1 = -1*P0+127;
  33   2      
  34   2        }
  35   1      }


MODULE INFORMATION:   STATIC OVERLAYABLE
   CODE SIZE        =     24    ----
   CONSTANT SIZE    =   ----    ----
   XDATA SIZE       =      2    ----
   PDATA SIZE       =   ----    ----
   DATA SIZE        =   ----    ----
   IDATA SIZE       =   ----    ----
   BIT SIZE         =   ----    ----
   EDATA SIZE       =   ----    ----
   HDATA SIZE       =   ----    ----
   XDATA CONST SIZE =   ----    ----
   FAR CONST SIZE   =   ----    ----
END OF MODULE INFORMATION.


C51 COMPILATION COMPLETE.  1 WARNING(S),  0 ERROR(S)
