C51 COMPILER V9.53.0.0   PART1                                                             05/25/2015 11:40:05 PAGE 1   


C51 COMPILER V9.53.0.0, COMPILATION OF MODULE PART1
OBJECT MODULE PLACED IN .\Objects\part1.obj
COMPILER INVOKED BY: C:\PROGRA~2\Keil\C51\BIN\C51.EXE part1.c LARGE OMF2 OPTIMIZE(8,SPEED) BROWSE DEBUG PRINT(.\Listings
                    -\part1.lst) TABS(2) OBJECT(.\Objects\part1.obj)

line level    source

*** WARNING C500 IN LINE 1 OF part1.c: LICENSE ERROR (R207(3): REGISTRY READ ERROR)

   1          #include <t89c51ac3.h>
   2          #include <phys340libkeil.h>
   3          #include <string.h>
   4          #include <stdio.h>
   5          
   6          char value;
   7          
   8          void main()
   9          {
  10   1        initLCD();
  11   1        initSerial(1200);
  12   1        while(1)
  13   1        {
  14   2          //get char from hyperterminal
  15   2          value = readCharSerial(); 
  16   2          //write to LCD
  17   2          writeCharLCD(value);
  18   2          //write to hyperterminal
  19   2          writeCharSerial(value);
  20   2        }
  21   1      }


MODULE INFORMATION:   STATIC OVERLAYABLE
   CODE SIZE        =     31    ----
   CONSTANT SIZE    =   ----    ----
   XDATA SIZE       =      1    ----
   PDATA SIZE       =   ----    ----
   DATA SIZE        =   ----    ----
   IDATA SIZE       =   ----    ----
   BIT SIZE         =   ----    ----
   EDATA SIZE       =   ----    ----
   HDATA SIZE       =   ----    ----
   XDATA CONST SIZE =   ----    ----
   FAR CONST SIZE   =   ----    ----
END OF MODULE INFORMATION.


C51 COMPILATION COMPLETE.  1 WARNING(S),  0 ERROR(S)
