C51 COMPILER V9.53.0.0   LDRINTERRUPT                                                      05/15/2015 14:35:57 PAGE 1   


C51 COMPILER V9.53.0.0, COMPILATION OF MODULE LDRINTERRUPT
OBJECT MODULE PLACED IN .\Objects\LDRinterrupt.obj
COMPILER INVOKED BY: C:\PROGRA~2\Keil\C51\BIN\C51.EXE LDRinterrupt.c LARGE OMF2 OPTIMIZE(8,SPEED) BROWSE DEBUG PRINT(.\L
                    -istings\LDRinterrupt.lst) TABS(2) OBJECT(.\Objects\LDRinterrupt.obj)

line level    source

*** WARNING C500 IN LINE 1 OF LDRinterrupt.c: LICENSE ERROR (R207(3): REGISTRY READ ERROR)

   1          /***  Include Files  *******************************************************/
   2          
   3          #include <t89c51ac3.h>
   4          #include <string.h>
   5          #include <phys340libkeil.h>
   6          #include <stdio.h>
   7          
   8          int counter = 0;
   9          char str[15] = "              ";
  10          
  11          /***  Intialise external interrupt  ********************************/
  12          
  13          void interruptSetup()
  14          {
  15   1        //Disabling all interrupt bit pg 115
  16   1        EA = 1;
  17   1        
  18   1        //enabling external interrupt 0 and disabling external interupt 1 pg 115
  19   1        EX0 = 1;
  20   1        
  21   1        //specifying the interrupt is to be edge triggered pg 70
  22   1        IT0 = 1;
  23   1        
  24   1        //no need to to set the interrupt flag back to 0, hardware does it
  25   1        
  26   1      }
  27          
  28          void MyIntHandler(void) interrupt 0 //address of external interrupt 0
  29          {
  30   1        counter++;  
  31   1      }
  32          /**  Main Function  ********************************************************/
  33          
  34          void main()
  35          {
  36   1        initLCD();
  37   1        interruptSetup();
  38   1        while(1)
  39   1        {
  40   2          clearLCD();
  41   2          sprintf(str,"counter = %i",counter);
  42   2          writeLineLCD(str);
  43   2          delaya(1000);
  44   2        }
  45   1      }


MODULE INFORMATION:   STATIC OVERLAYABLE
   CODE SIZE        =    102    ----
   CONSTANT SIZE    =     13    ----
   XDATA SIZE       =     17    ----
   PDATA SIZE       =   ----    ----
   DATA SIZE        =   ----    ----
C51 COMPILER V9.53.0.0   LDRINTERRUPT                                                      05/15/2015 14:35:57 PAGE 2   

   IDATA SIZE       =   ----    ----
   BIT SIZE         =   ----    ----
   EDATA SIZE       =   ----    ----
   HDATA SIZE       =   ----    ----
   XDATA CONST SIZE =   ----    ----
   FAR CONST SIZE   =   ----    ----
END OF MODULE INFORMATION.


C51 COMPILATION COMPLETE.  1 WARNING(S),  0 ERROR(S)
