C51 COMPILER V9.53.0.0   PART5NEIL                                                         05/29/2015 12:34:18 PAGE 1   


C51 COMPILER V9.53.0.0, COMPILATION OF MODULE PART5NEIL
OBJECT MODULE PLACED IN .\Objects\part5neil.obj
COMPILER INVOKED BY: C:\PROGRA~2\Keil\C51\BIN\C51.EXE part5neil.c LARGE OMF2 OPTIMIZE(8,SPEED) BROWSE DEBUG PRINT(.\List
                    -ings\part5neil.lst) TABS(2) OBJECT(.\Objects\part5neil.obj)

line level    source

*** WARNING C500 IN LINE 1 OF part5neil.c: LICENSE ERROR (R207(3): REGISTRY READ ERROR)

   1          /***  Include Files and global variables  **********************************/
   2          #include <t89c51ac3.h>
   3          #include <phys340libkeil.h>
   4          #include <stdio.h>
   5          #include <string.h>
   6          
   7          char outputText [33];
   8          int rpm;
   9          int flag;
  10          unsigned int H;
  11          unsigned int L;
  12          unsigned int curr;
  13          unsigned int prev;
  14          unsigned int diff;
  15          
  16          /** External Interrupt initialisation **/
  17          void interruptInit()
  18          {
  19   1        /**PCA interrupt init**/
  20   1       IEN0 = 0xC0;
  21   1       CF = 0;
  22   1        /**set up PCA modules**/
  23   1       CCAPM0 = 0x21;
  24   1        /**init PCA**/
  25   1       CCON = 0x40;
  26   1      }
  27          /** Interrupt handler **/
  28          void InterruptHandler(void) interrupt 6
  29          {
  30   1       IEN0 = 0x00;
  31   1      if(CF == 1)
  32   1       {
  33   2         CF==0;
*** WARNING C275 IN LINE 33 OF part5neil.c: expression with possibly no effect
  34   2         flag++;
  35   2       }
  36   1      if(CCF0 == 1)
  37   1      {
  38   2        prev = curr; 
  39   2        H = (unsigned int)(CCAP0H<<8);
  40   2        L = (unsigned int)(CCAP0L);
  41   2        curr = H+L + ((unsigned int)(65536*flag));
  42   2        diff = curr-prev;
  43   2        rpm = 300000/diff; 
  44   2      }
  45   1        IEN0 = 0xC0;
  46   1        CCF0 = 0;
  47   1        flag = 0;
  48   1      }
  49          /**  Main Function  ********************************************************/
  50          
  51          void main()
  52          {
C51 COMPILER V9.53.0.0   PART5NEIL                                                         05/29/2015 12:34:18 PAGE 2   

  53   1        interruptInit();
  54   1        initLCD();
  55   1        while (TRUE)
  56   1        {
  57   2          clearLCD(); 
  58   2          sprintf(outputText, "%i", rpm);
  59   2          writeLineLCD(outputText);
  60   2          delaya(1000);
  61   2        }
  62   1      }


MODULE INFORMATION:   STATIC OVERLAYABLE
   CODE SIZE        =    298    ----
   CONSTANT SIZE    =      3    ----
   XDATA SIZE       =     47    ----
   PDATA SIZE       =   ----    ----
   DATA SIZE        =   ----    ----
   IDATA SIZE       =   ----    ----
   BIT SIZE         =   ----    ----
   EDATA SIZE       =   ----    ----
   HDATA SIZE       =   ----    ----
   XDATA CONST SIZE =   ----    ----
   FAR CONST SIZE   =   ----    ----
END OF MODULE INFORMATION.


C51 COMPILATION COMPLETE.  2 WARNING(S),  0 ERROR(S)
