C51 COMPILER V9.53.0.0   TEMPLOGGER                                                        05/01/2015 12:40:36 PAGE 1   


C51 COMPILER V9.53.0.0, COMPILATION OF MODULE TEMPLOGGER
OBJECT MODULE PLACED IN .\Objects\TempLogger.obj
COMPILER INVOKED BY: C:\PROGRA~2\Keil\C51\BIN\C51.EXE TempLogger.c LARGE OMF2 OPTIMIZE(8,SPEED) BROWSE DEBUG PRINT(.\Lis
                    -tings\TempLogger.lst) TABS(2) OBJECT(.\Objects\TempLogger.obj)

line level    source

*** WARNING C500 IN LINE 1 OF TempLogger.c: LICENSE ERROR (R207(3): REGISTRY READ ERROR)

   1          /***************************************************************************/
   2          /*                                                                         */
   3          /*    A simple program to set port values and output them                  */
   4          /*                                                                         */
   5          /***************************************************************************/
   6          
   7          
   8          /***  Include Files  *******************************************************/
   9          
  10          #include <t89c51ac3.h>
  11          #include <string.h>
  12          #include <phys340libkeil.h>
  13          #include <stdio.h>
  14          
  15          
  16          char str[15];
  17          int output;
  18          int counter;
  19          float average = 0;
  20          float Vt;
  21          float Rt;
  22          float samples[5];
  23          float summer;
  24          int i;
  25          
  26          /**  Main Function  ********************************************************/
  27          
  28          void main()
  29          {
  30   1        initLCD();
  31   1        counter = 0;
  32   1        
  33   1        while(1)
  34   1        {
  35   2          clearLCD();
  36   2          
  37   2          //calculating Rt
  38   2          output = sampleADC();
  39   2          //Vt = output*0.0023;
  40   2          //Rt = (1000/(3-Vt))*Vt;
  41   2          
  42   2          //putting into samples
  43   2          samples[counter] = output; 
  44   2          
  45   2          //displaying  output on LCD
  46   2          sprintf(str,"Output = %i",output);
  47   2          writeLineLCD(str);
  48   2          
  49   2          //displaying output on LCD
  50   2          setLCDPos(16);
  51   2          sprintf(str,"Average = %f",average);
  52   2          writeLineLCD(str);
  53   2          
C51 COMPILER V9.53.0.0   TEMPLOGGER                                                        05/01/2015 12:40:36 PAGE 2   

  54   2          counter++;
  55   2          
  56   2          //average over 5 samples
  57   2          if(counter >= 4){
  58   3            summer = 0;
  59   3            
  60   3            //summing
  61   3            for(i = 0; i < 5; i++)
  62   3            {
  63   4              summer = summer + samples[i];
  64   4            }
  65   3            
  66   3            //averaging
  67   3            average = summer/4.f;
  68   3            
  69   3            
  70   3            
  71   3            //reset counter
  72   3            counter = 0;
  73   3            
  74   3            //reset LCD position
  75   3            //setLCDPos(0);
  76   3            
  77   3            
  78   3            
  79   3          }
  80   2          delaya(1000000);
  81   2          
  82   2        }
  83   1      }
  84          


MODULE INFORMATION:   STATIC OVERLAYABLE
   CODE SIZE        =    378    ----
   CONSTANT SIZE    =     25    ----
   XDATA SIZE       =     57    ----
   PDATA SIZE       =   ----    ----
   DATA SIZE        =   ----    ----
   IDATA SIZE       =   ----    ----
   BIT SIZE         =   ----    ----
   EDATA SIZE       =   ----    ----
   HDATA SIZE       =   ----    ----
   XDATA CONST SIZE =   ----    ----
   FAR CONST SIZE   =   ----    ----
END OF MODULE INFORMATION.


C51 COMPILATION COMPLETE.  1 WARNING(S),  0 ERROR(S)
