C51 COMPILER V9.53.0.0   LEDOUTPUT                                                         03/20/2015 12:21:25 PAGE 1   


C51 COMPILER V9.53.0.0, COMPILATION OF MODULE LEDOUTPUT
OBJECT MODULE PLACED IN .\Objects\LEDoutput.obj
COMPILER INVOKED BY: C:\PROGRA~2\Keil\C51\BIN\C51.EXE LEDoutput.c LARGE OPTIMIZE(8,SPEED) BROWSE DEBUG OBJECTEXTEND PRIN
                    -T(.\Listings\LEDoutput.lst) TABS(2) OBJECT(.\Objects\LEDoutput.obj)

line level    source

*** WARNING C500 IN LINE 1 OF LEDoutput.c: LICENSE ERROR (R207(3): REGISTRY READ ERROR)

   1          /***************************************************************************/
   2          /*                                                                         */
   3          /*    A simple program to read the keypad                                  */
   4          /*                                                                         */
   5          /***************************************************************************/
   6          
   7          
   8          /***  Include Files  *******************************************************/
   9          
  10          #include <t89c51ac3.h>
  11          #include "..\lib\phys340libkeil.h"
*** WARNING C318 IN LINE 11 OF LEDoutput.c: can't open file '..\lib\phys340libkeil.h'
  12          
  13          
  14          
  15          /**  Main Function  ********************************************************/
  16          void main()
  17          {
  18   1        unsigned char DepressedKey;
  19   1        DepressedKey = sampleKeypad;
*** ERROR C202 IN LINE 19 OF LEDoutput.c: 'sampleKeypad': undefined identifier
  20   1        
  21   1        while (TRUE)
  22   1        {
  23   2          if(P2_4 == FALSE) P1 = 0x01;
  24   2          
  25   2          
  26   2        }
  27   1      }

C51 COMPILATION COMPLETE.  2 WARNING(S),  1 ERROR(S)
