C51 COMPILER V9.53.0.0   PART3                                                             05/18/2015 10:21:30 PAGE 1   


C51 COMPILER V9.53.0.0, COMPILATION OF MODULE PART3
OBJECT MODULE PLACED IN .\Objects\part3.obj
COMPILER INVOKED BY: C:\PROGRA~2\Keil\C51\BIN\C51.EXE part3.c LARGE OMF2 OPTIMIZE(8,SPEED) BROWSE DEBUG PRINT(.\Listings
                    -\part3.lst) TABS(2) OBJECT(.\Objects\part3.obj)

line level    source

*** WARNING C500 IN LINE 1 OF part3.c: LICENSE ERROR (R207(3): REGISTRY READ ERROR)

   1          #include <t89c51ac3.h>
   2          #include <phys340libkeil.h>
   3          #include <stdio.h>
   4          #include <string.h>
   5          
   6          char outputText[33];
   7          
   8          int count0 = 0;
   9          int count1 = 0;
  10          int count2 = 0;
  11          
  12          void setup()
  13          {
  14   1        // Enable all interrupts
  15   1        EA = 1;
  16   1        // Enable PCA Interrupts
  17   1        EC = 1;
  18   1        
  19   1        // enable Timer0 control bit
  20   1        TR0 = 1;  
  21   1        //select T0 mode 2: 8-bit auto-reload
  22   1        TMOD = 0x02;
  23   1        
  24   1        //PCA 0: compare, match, interrupt
  25   1        CCAPM0 = 0x49;
  26   1        //PCA 1: compare, match, interrupt
  27   1        CCAPM1 = 0x49;
  28   1        //PCA 2: compare, match, interrupt
  29   1        CCAPM2 = 0x49;
  30   1        
  31   1        CCAP0H = 0;
  32   1        //CCAP0L = 0x00;
  33   1        
  34   1        CCAP1H = 85;
  35   1        //CCAP1L = 0x7F;
  36   1        
  37   1        CCAP2H = 170;
  38   1        //CCAP2L = 0xFF;
  39   1        
  40   1        //EWC Count Pulse Select to Timer0 Overflow
  41   1        // and Enable PCA Counter Overflow Interrupt
  42   1        CMOD = 0x05;
  43   1        
  44   1        //Turn timer on
  45   1        CR = 1;
  46   1        
  47   1        // timer overflow speed
  48   1        TH0 = 0xFE;
  49   1      }
  50          
  51          void intHandlerPCA() interrupt 6
  52          {
  53   1        CF = 0;
C51 COMPILER V9.53.0.0   PART3                                                             05/18/2015 10:21:30 PAGE 2   

  54   1        if (CCF0) 
  55   1        {
  56   2          count0++;
  57   2          CCF0 = 0;
  58   2        }
  59   1        if (CCF1) 
  60   1        {
  61   2          count1++;
  62   2          CCF1 = 0;
  63   2        }
  64   1        if (CCF2) 
  65   1        {
  66   2          count2++;
  67   2          CCF2 = 0;
  68   2        }
  69   1      }
  70          
  71          void main()
  72          {
  73   1        setup();
  74   1        initLCD();
  75   1        while(1)
  76   1        {
  77   2          clearLCD();
  78   2          sprintf(outputText, "%2i %2i %2i", count0, count1, count2);
  79   2          writeLineLCD(outputText);
  80   2        }
  81   1      }


MODULE INFORMATION:   STATIC OVERLAYABLE
   CODE SIZE        =    199    ----
   CONSTANT SIZE    =     12    ----
   XDATA SIZE       =     39    ----
   PDATA SIZE       =   ----    ----
   DATA SIZE        =   ----    ----
   IDATA SIZE       =   ----    ----
   BIT SIZE         =   ----    ----
   EDATA SIZE       =   ----    ----
   HDATA SIZE       =   ----    ----
   XDATA CONST SIZE =   ----    ----
   FAR CONST SIZE   =   ----    ----
END OF MODULE INFORMATION.


C51 COMPILATION COMPLETE.  1 WARNING(S),  0 ERROR(S)
