C51 COMPILER V9.53.0.0   SINEFN                                                            03/30/2015 12:17:28 PAGE 1   


C51 COMPILER V9.53.0.0, COMPILATION OF MODULE SINEFN
OBJECT MODULE PLACED IN .\Objects\sinefn.obj
COMPILER INVOKED BY: C:\PROGRA~2\Keil\C51\BIN\C51.EXE sinefn.c LARGE OPTIMIZE(8,SPEED) BROWSE DEBUG OBJECTEXTEND PRINT(.
                    -\Listings\sinefn.lst) TABS(2) OBJECT(.\Objects\sinefn.obj)

line level    source

*** WARNING C500 IN LINE 1 OF sinefn.c: LICENSE ERROR (R207(3): REGISTRY READ ERROR)

   1          /***************************************************************************/
   2          /*                                                                         */
   3          /*    A program to generate a sine wave using the DAC module               */
   4          /*                                                                         */
   5          /***************************************************************************/
   6          
   7          
   8          /***  Include Files  *******************************************************/
   9          
  10          #include <t89c51ac3.h>
  11          #include <math.h>
  12          
  13          #define PI 3.141592
  14          
  15          /**  Main Function  ********************************************************/
  16          
  17          void main()
  18          {
  19   1        float y;
  20   1        float x, step;
  21   1        float z;
  22   1      
  23   1        //angle = 0.0;
  24   1        step = 0.01;
  25   1        
  26   1        while (TRUE)
  27   1        {
  28   2         
  29   2         y = sin(10*x);
  30   2         P1 = (unsigned char)(y*127.5+127.5);
  31   2         x += step;
  32   2            
  33   2        }
  34   1      }
*** WARNING C280 IN LINE 21 OF sinefn.c: 'z': unreferenced local variable


MODULE INFORMATION:   STATIC OVERLAYABLE
   CODE SIZE        =    119    ----
   CONSTANT SIZE    =   ----    ----
   XDATA SIZE       =   ----      16
   PDATA SIZE       =   ----    ----
   DATA SIZE        =   ----    ----
   IDATA SIZE       =   ----    ----
   BIT SIZE         =   ----    ----
END OF MODULE INFORMATION.


C51 COMPILATION COMPLETE.  2 WARNING(S),  0 ERROR(S)
