C51 COMPILER V9.53.0.0   TRAFFIC                                                           03/13/2015 13:04:03 PAGE 1   


C51 COMPILER V9.53.0.0, COMPILATION OF MODULE TRAFFIC
OBJECT MODULE PLACED IN .\Objects\traffic.obj
COMPILER INVOKED BY: C:\PROGRA~2\Keil\C51\BIN\C51.EXE traffic.c LARGE OMF2 OPTIMIZE(8,SPEED) BROWSE DEBUG PRINT(.\Listin
                    -gs\traffic.lst) TABS(2) OBJECT(.\Objects\traffic.obj)

line level    source

*** WARNING C500 IN LINE 1 OF traffic.c: LICENSE ERROR (R207(3): REGISTRY READ ERROR)

   1          #include <t89c51ac3.h>
   2          
   3          
   4          
   5          /***  Pause program  *******************************************************/
   6          
   7          void Delay()
   8          {
   9   1        int c = 1, d = 1;
  10   1       
  11   1         for ( c = 1 ; c <= 100 ; c++ )
  12   1             for ( d = 1 ; d <= 1000 ; d++ )
  13   1             {}
  14   1      }
  15          
  16          
  17          //0,1,2, == lights on lane one from green,orange,red
  18          //2_1 == sensor on lane one
  19          //4,5,6 == lights on lane two from '' ' ' '' '
  20          //2_2 == sensor on lane two
  21          
  22          unsigned char ReadInput()
  23          {
  24   1        static unsigned char Input;
  25   1        Input = P2;
  26   1        return Input;
  27   1      }
  28          
  29          
  30          void main()
  31          {
  32   1        P1 = 0;
  33   1        P2 = 0;
  34   1        P1_0 = TRUE; //green
  35   1        P1_6 = TRUE; //red
  36   1        while(TRUE){
  37   2          P2 = ReadInput();
  38   2          if(P2_2 == TRUE && P1_0 == TRUE){
  39   3            P1_0 = FALSE;//green
  40   3            Delay();
  41   3            P1_1 = TRUE;
  42   3            Delay();
  43   3            P1_1 = FALSE;//orange
  44   3            Delay();
  45   3            P1_2 = TRUE;
  46   3            Delay();
  47   3            //P1_2 = FALSE;//red
  48   3            //Delay();
  49   3          }
  50   2          else if(P2_1 == TRUE && P1_4 == TRUE){
  51   3            P1_4 = FALSE;
  52   3            Delay();
  53   3            P1_5 = TRUE;
C51 COMPILER V9.53.0.0   TRAFFIC                                                           03/13/2015 13:04:03 PAGE 2   

  54   3            Delay();
  55   3            P1_5 = FALSE;
  56   3            Delay();
  57   3            P1_6 = TRUE;
  58   3            Delay();
  59   3          }
  60   2        }
  61   1      
  62   1      }


MODULE INFORMATION:   STATIC OVERLAYABLE
   CODE SIZE        =    110    ----
   CONSTANT SIZE    =   ----    ----
   XDATA SIZE       =      1    ----
   PDATA SIZE       =   ----    ----
   DATA SIZE        =   ----    ----
   IDATA SIZE       =   ----    ----
   BIT SIZE         =   ----    ----
   EDATA SIZE       =   ----    ----
   HDATA SIZE       =   ----    ----
   XDATA CONST SIZE =   ----    ----
   FAR CONST SIZE   =   ----    ----
END OF MODULE INFORMATION.


C51 COMPILATION COMPLETE.  1 WARNING(S),  0 ERROR(S)
