C51 COMPILER V9.53.0.0   LED                                                               03/20/2015 14:22:02 PAGE 1   


C51 COMPILER V9.53.0.0, COMPILATION OF MODULE LED
OBJECT MODULE PLACED IN .\Objects\LED.obj
COMPILER INVOKED BY: C:\PROGRA~2\Keil\C51\BIN\C51.EXE LED.c LARGE OPTIMIZE(8,SPEED) BROWSE DEBUG OBJECTEXTEND PRINT(.\Li
                    -stings\LED.lst) TABS(2) OBJECT(.\Objects\LED.obj)

line level    source

*** WARNING C500 IN LINE 1 OF LED.c: LICENSE ERROR (R207(3): REGISTRY READ ERROR)

   1          /***************************************************************************/
   2          /*                                                                         */
   3          /*    A simple program to read the keypad                                  */
   4          /*                                                                         */
   5          /***************************************************************************/
   6          
   7          
   8          /***  Include Files  *******************************************************/
   9          
  10          #include <t89c51ac3.h>
  11          #include "..\lib\phys340libkeil.h"
*** WARNING C318 IN LINE 11 OF LED.c: can't open file '..\lib\phys340libkeil.h'
  12          
  13          void delay()
  14          {
  15   1        int c = 1, d = 1;
  16   1       
  17   1         for ( c = 1 ; c <= 100 ; c++ )
  18   1             for ( d = 1 ; d <= 50 ; d++ )
  19   1             {}
  20   1      }
  21          
  22          /**  Main Function  ********************************************************/
  23          void main()
  24          {
  25   1      
  26   1        
  27   1        while (TRUE)
  28   1        {
  29   2          P2_0 = TRUE;
  30   2          P2_1 = TRUE;
  31   2          P2_3 = TRUE;
  32   2          
  33   2          
  34   2          //first row
  35   2          P2_0 = FALSE;
  36   2          if(!P2_4) P1 = 0x01;
  37   2          if(!P2_5) P1 = 0x03;
  38   2          if(!P2_6) P1 = 0x07;
  39   2          P2_0 = TRUE;
  40   2          delay();
  41   2          
  42   2          
  43   2          //second row
  44   2          P2_1 = FALSE;
  45   2          if(!P2_4) P1 = 0x0F;
  46   2          if(!P2_5) P1 = 0x1F;
  47   2          if(!P2_6) P1 = 0x3F;
  48   2          P2_1 = TRUE;
  49   2          delay();
  50   2          
  51   2          //third row
  52   2          P2_2 = FALSE;
C51 COMPILER V9.53.0.0   LED                                                               03/20/2015 14:22:02 PAGE 2   

  53   2          if(!P2_4) P1 = 0x7F;
  54   2          if(!P2_5) P1 = 0xFF;
  55   2          if(!P2_6) P1 = 0xEE;
  56   2          P2_2 = TRUE;
  57   2          delay();
  58   2          
  59   2          //fourth row
  60   2          P2_3 = FALSE;
  61   2          if(!P2_4) P1 = 0xF1;
  62   2          if(!P2_5) P1 = 0x00;
  63   2          if(!P2_6) P1 = 0x2a;
  64   2          P2_3 = TRUE;
  65   2          delay();
  66   2          
  67   2          
  68   2        }
  69   1      }


MODULE INFORMATION:   STATIC OVERLAYABLE
   CODE SIZE        =    139    ----
   CONSTANT SIZE    =   ----    ----
   XDATA SIZE       =   ----    ----
   PDATA SIZE       =   ----    ----
   DATA SIZE        =   ----    ----
   IDATA SIZE       =   ----    ----
   BIT SIZE         =   ----    ----
END OF MODULE INFORMATION.


C51 COMPILATION COMPLETE.  2 WARNING(S),  0 ERROR(S)
