C51 COMPILER V9.53.0.0   MOTORCON                                                          03/30/2015 13:56:47 PAGE 1   


C51 COMPILER V9.53.0.0, COMPILATION OF MODULE MOTORCON
OBJECT MODULE PLACED IN .\Objects\motorCon.obj
COMPILER INVOKED BY: C:\PROGRA~2\Keil\C51\BIN\C51.EXE motorCon.c LARGE OPTIMIZE(8,SPEED) BROWSE DEBUG OBJECTEXTEND PRINT
                    -(.\Listings\motorCon.lst) TABS(2) OBJECT(.\Objects\motorCon.obj)

line level    source

*** WARNING C500 IN LINE 1 OF motorCon.c: LICENSE ERROR (R207(3): REGISTRY READ ERROR)

   1          /***************************************************************************/
   2          /*                                                                         */
   3          /*    A program to generate a sine wave using the DAC module               */
   4          /*                                                                         */
   5          /***************************************************************************/
   6          
   7          
   8          /***  Include Files  *******************************************************/
   9          
  10          #include <t89c51ac3.h>
  11          #include <math.h>
  12          
  13          #define PI 3.141592
  14          
  15          //P4 - IO module
  16          //P1 - motor
  17          
  18          int value;
  19          
  20          
  21          
  22          /**  Main Function  ********************************************************/
  23          
  24          
  25          void main()
  26          {
  27   1        //P1 = P0
  28   1      //  output = P0 - 127;
  29   1      //  P2 = output;
  30   1        //
  31   1        P1 = P0 + 127;
  32   1        
  33   1        
  34   1      }


MODULE INFORMATION:   STATIC OVERLAYABLE
   CODE SIZE        =      7    ----
   CONSTANT SIZE    =   ----    ----
   XDATA SIZE       =      2    ----
   PDATA SIZE       =   ----    ----
   DATA SIZE        =   ----    ----
   IDATA SIZE       =   ----    ----
   BIT SIZE         =   ----    ----
END OF MODULE INFORMATION.


C51 COMPILATION COMPLETE.  1 WARNING(S),  0 ERROR(S)
