C51 COMPILER V9.53.0.0   ADC                                                               04/24/2015 15:23:50 PAGE 1   


C51 COMPILER V9.53.0.0, COMPILATION OF MODULE ADC
OBJECT MODULE PLACED IN .\Objects\adc.obj
COMPILER INVOKED BY: C:\PROGRA~2\Keil\C51\BIN\C51.EXE ..\adc.c LARGE OMF2 OPTIMIZE(8,SPEED) BROWSE DEBUG PRINT(.\Listing
                    -s\adc.lst) TABS(2) OBJECT(.\Objects\adc.obj)

line level    source

*** WARNING C500 IN LINE 1 OF ..\adc.c: LICENSE ERROR (R207(3): REGISTRY READ ERROR)

   1          /***************************************************************************/
   2          /*                                                                         */
   3          /*    A simple program to set port values and output them                  */
   4          /*                                                                         */
   5          /***************************************************************************/
   6          
   7          
   8          /***  Include Files  *******************************************************/
   9          
  10          #include <t89c51ac3.h>
  11          #include <string.h>
  12          #include <phys340libkeil.h>
  13          #include <stdio.h>
  14          
  15          const char BlankString[] = "                               ";
  16          char str[15];
  17          int output;
  18          int counter;
  19          float average;
  20          float Vt;
  21          float Rt;
  22          float samples[5];
  23          float summer;
  24          int i;
  25          
  26          /**  Main Function  ********************************************************/
  27          
  28          void main()
  29          {
  30   1        initLCD();
  31   1        counter = 0;
  32   1        
  33   1        while(1)
  34   1        {
  35   2          clearLCD();
  36   2          
  37   2          //calculating Rt
  38   2          output = sampleADC();
  39   2          Vt = output*0.0023;
  40   2          Rt = (1000/(3-Vt))*Vt;
  41   2          
  42   2          //putting into samples
  43   2          samples[counter] = Rt; 
  44   2          
  45   2          //displaying on LCD
  46   2          sprintf(str,"Resistance = %i",Rt);
  47   2          writeLineLCD(str);
  48   2          
  49   2          //average over 5 samples
  50   2          if(counter == 4){
  51   3            summer = 0;
  52   3            
  53   3            //summing
C51 COMPILER V9.53.0.0   ADC                                                               04/24/2015 15:23:50 PAGE 2   

  54   3            for(i = 0; i < 5; i++)
  55   3            {
  56   4              summer = summer + samples[i];
  57   4            }
  58   3            
  59   3            //averaging
  60   3            average = summer/5;
  61   3            
  62   3            //displaying on LCD
  63   3            setLCDPos(0x40);
  64   3            sprintf(str,"Average = %i",average);
  65   3            writeLineLCD(str);
  66   3            
  67   3            //reset counter
  68   3            counter = 0;
  69   3            
  70   3            //reset LCD position
  71   3            setLCDPos(0x00);
  72   3          }
  73   2          delaya(10000);
  74   2        }
  75   1      }
  76          


MODULE INFORMATION:   STATIC OVERLAYABLE
   CODE SIZE        =    464    ----
   CONSTANT SIZE    =     29    ----
   XDATA SIZE       =     89    ----
   PDATA SIZE       =   ----    ----
   DATA SIZE        =   ----    ----
   IDATA SIZE       =   ----    ----
   BIT SIZE         =   ----    ----
   EDATA SIZE       =   ----    ----
   HDATA SIZE       =   ----    ----
   XDATA CONST SIZE =   ----    ----
   FAR CONST SIZE   =   ----    ----
END OF MODULE INFORMATION.


C51 COMPILATION COMPLETE.  1 WARNING(S),  0 ERROR(S)
