C51 COMPILER V9.53.0.0   PWMOUTPUT                                                         05/08/2015 11:50:29 PAGE 1   


C51 COMPILER V9.53.0.0, COMPILATION OF MODULE PWMOUTPUT
OBJECT MODULE PLACED IN .\Objects\PWMoutput.obj
COMPILER INVOKED BY: C:\PROGRA~2\Keil\C51\BIN\C51.EXE PWMoutput.c LARGE OMF2 OPTIMIZE(8,SPEED) BROWSE DEBUG PRINT(.\List
                    -ings\PWMoutput.lst) TABS(2) OBJECT(.\Objects\PWMoutput.obj)

line level    source

*** WARNING C500 IN LINE 1 OF PWMoutput.c: LICENSE ERROR (R207(3): REGISTRY READ ERROR)

   1          /***  Include Files  *******************************************************/
   2          
   3          #include <t89c51ac3.h>
   4          #include <string.h>
   5          #include <phys340libkeil.h>
   6          #include <stdio.h>
   7          
   8          const char BlankString[] = "                               ";
   9          char str[15];
  10          int value;
  11          int duty;
  12          
  13          
  14          /***  Function to sample an analog voltage  ********************************/
  15          
  16          unsigned char PWM()
  17          {
  18   1        //setting CR bit to turn PCA counter on, using the CCOM register
  19   1        CCON |= 0x40;
  20   1        //setting module 0 to be a PWM output, using CCAPM0 register
  21   1        //enabling the compare mode ECOM0
  22   1        CCAPM0 |= 0x40;
  23   1        //enabling PWM mode PWM0
  24   1        CCAPM0 |=0x02;
  25   1      }
*** WARNING C173 IN LINE 25 OF PWMoutput.c: missing return-expression
  26          
  27          /**  Main Function  ********************************************************/
  28          
  29          void main()
  30          {
  31   1      //  duty = 10;
  32   1      //  PWM();
  33   1      //  while(1){
  34   1      //    //setting PWM duty cycle using the CCAP0H register
  35   1      //    CCAP0H = duty;
  36   1      //    duty+=10;
  37   1      //    if(duty > 255){
  38   1      //      duty = 10;
  39   1      //    }
  40   1      //    
  41   1      //    delaya(1000);   
  42   1      //  }
  43   1        
  44   1      PWM();
  45   1        while(1){
  46   2          
  47   2          CCAP0H = P0;
  48   2        }
  49   1      }
  50          
*** WARNING C290 IN LINE 25 OF PWMoutput.c: missing return value

C51 COMPILER V9.53.0.0   PWMOUTPUT                                                         05/08/2015 11:50:29 PAGE 2   


MODULE INFORMATION:   STATIC OVERLAYABLE
   CODE SIZE        =     18    ----
   CONSTANT SIZE    =   ----    ----
   XDATA SIZE       =     51    ----
   PDATA SIZE       =   ----    ----
   DATA SIZE        =   ----    ----
   IDATA SIZE       =   ----    ----
   BIT SIZE         =   ----    ----
   EDATA SIZE       =   ----    ----
   HDATA SIZE       =   ----    ----
   XDATA CONST SIZE =   ----    ----
   FAR CONST SIZE   =   ----    ----
END OF MODULE INFORMATION.


C51 COMPILATION COMPLETE.  3 WARNING(S),  0 ERROR(S)
