C51 COMPILER V9.53.0.0   READ                                                              06/02/2015 17:13:17 PAGE 1   


C51 COMPILER V9.53.0.0, COMPILATION OF MODULE READ
OBJECT MODULE PLACED IN .\Objects\read.obj
COMPILER INVOKED BY: C:\PROGRA~2\Keil\C51\BIN\C51.EXE read.c LARGE OMF2 OPTIMIZE(8,SPEED) BROWSE DEBUG PRINT(.\Listings\
                    -read.lst) TABS(2) OBJECT(.\Objects\read.obj)

line level    source

*** WARNING C500 IN LINE 1 OF read.c: LICENSE ERROR (R207(3): REGISTRY READ ERROR)

   1          #include <t89c51ac3.h>
   2          #include <phys340libkeil.h>
   3          #include <string.h>
   4          #include <stdio.h>
   5          
   6          char value;
   7          
   8          
   9          void main()
  10          {
  11   1        initLCD();
  12   1        initSerial(1200);
  13   1        while(1)
  14   1        {
  15   2          //checking for RI interrupt flag
  16   2          if(RI)
  17   2            {
  18   3              //get char from hyperterminal
  19   3              value = SBUF; 
  20   3              //write to LCD
  21   3              writeCharLCD(value);
  22   3              //write to hyperterminal
  23   3              //writeCharSerial(value);
  24   3              //clear RI interrupt flag
  25   3              RI = 0;
  26   3            }
  27   2        }
  28   1      }


MODULE INFORMATION:   STATIC OVERLAYABLE
   CODE SIZE        =     28    ----
   CONSTANT SIZE    =   ----    ----
   XDATA SIZE       =      1    ----
   PDATA SIZE       =   ----    ----
   DATA SIZE        =   ----    ----
   IDATA SIZE       =   ----    ----
   BIT SIZE         =   ----    ----
   EDATA SIZE       =   ----    ----
   HDATA SIZE       =   ----    ----
   XDATA CONST SIZE =   ----    ----
   FAR CONST SIZE   =   ----    ----
END OF MODULE INFORMATION.


C51 COMPILATION COMPLETE.  1 WARNING(S),  0 ERROR(S)
