C51 COMPILER V9.53.0.0   KEYPAD                                                            03/27/2015 12:34:55 PAGE 1   


C51 COMPILER V9.53.0.0, COMPILATION OF MODULE KEYPAD
OBJECT MODULE PLACED IN .\Objects\keypad.obj
COMPILER INVOKED BY: C:\PROGRA~2\Keil\C51\BIN\C51.EXE keypad.c LARGE OPTIMIZE(8,SPEED) BROWSE DEBUG OBJECTEXTEND PRINT(.
                    -\Listings\keypad.lst) TABS(2) OBJECT(.\Objects\keypad.obj)

line level    source

*** WARNING C500 IN LINE 1 OF keypad.c: LICENSE ERROR (R207(3): REGISTRY READ ERROR)

   1          /***************************************************************************/
   2          /*                                                                         */
   3          /*    A simple program to read the keypad                                  */
   4          /*                                                                         */
   5          /***************************************************************************/
   6          
   7          
   8          /***  Include Files  *******************************************************/
   9          
  10          #include <t89c51ac3.h>
  11          #include "..\lib\phys340libkeil.h"
*** WARNING C318 IN LINE 11 OF keypad.c: can't open file '..\lib\phys340libkeil.h'
  12          
  13          
  14          /**  Main Function  ********************************************************/
  15          void main()
  16          {
  17   1        unsigned char DepressedKey;
  18   1        
  19   1        while (TRUE)
  20   1        {
  21   2          DepressedKey = sampleKeypad();
*** WARNING C206 IN LINE 21 OF keypad.c: 'sampleKeypad': missing function-prototype
  22   2          P1 = DepressedKey;
  23   2          
  24   2        }
  25   1      }


MODULE INFORMATION:   STATIC OVERLAYABLE
   CODE SIZE        =      7    ----
   CONSTANT SIZE    =   ----    ----
   XDATA SIZE       =   ----    ----
   PDATA SIZE       =   ----    ----
   DATA SIZE        =   ----    ----
   IDATA SIZE       =   ----    ----
   BIT SIZE         =   ----    ----
END OF MODULE INFORMATION.


C51 COMPILATION COMPLETE.  3 WARNING(S),  0 ERROR(S)
