C51 COMPILER V9.53.0.0   PART2                                                             05/25/2015 12:59:13 PAGE 1   


C51 COMPILER V9.53.0.0, COMPILATION OF MODULE PART2
OBJECT MODULE PLACED IN .\Objects\part2.obj
COMPILER INVOKED BY: C:\PROGRA~2\Keil\C51\BIN\C51.EXE part2.c LARGE OMF2 OPTIMIZE(8,SPEED) BROWSE DEBUG PRINT(.\Listings
                    -\part2.lst) TABS(2) OBJECT(.\Objects\part2.obj)

line level    source

*** WARNING C500 IN LINE 1 OF part2.c: LICENSE ERROR (R207(3): REGISTRY READ ERROR)

   1          #include <t89c51ac3.h>
   2          #include <phys340libkeil.h>
   3          #include <string.h>
   4          #include <stdio.h>
   5          
   6          char value;
   7          void myInitSerial()
   8          {
   9   1        //configuring timer 1 pg 71
  10   1        TMOD = 0x20;  
  11   1        //setting SM0 and SM1 to provide an 8 bit serial UART with variable baud rate pg 63
  12   1        SM0 = 0;
  13   1        SM1 = 1;
  14   1        //setting PCON register setting SMOD so that the baud rate is doubled pg 65
  15   1        PCON = 0x80;
  16   1        //setting TH1 to set the baud rate pg 72
  17   1        
  18   1        TH1 = 203;
  19   1        //turning on timer 1 pg 70
  20   1        TR1 = 1;
  21   1        //enable serial reception pg 63
  22   1        REN = 1;
  23   1        
  24   1      }
  25          
  26          void main()
  27          {
  28   1        initLCD();
  29   1        myInitSerial();
  30   1        while(1)
  31   1        {
  32   2          //get char from hyperterminal
  33   2          value = readCharSerial(); 
  34   2          //write to LCD
  35   2          writeCharLCD(value);
  36   2          //write to hyperterminal
  37   2          writeCharSerial(value);
  38   2        }
  39   1      }


MODULE INFORMATION:   STATIC OVERLAYABLE
   CODE SIZE        =     45    ----
   CONSTANT SIZE    =   ----    ----
   XDATA SIZE       =      1    ----
   PDATA SIZE       =   ----    ----
   DATA SIZE        =   ----    ----
   IDATA SIZE       =   ----    ----
   BIT SIZE         =   ----    ----
   EDATA SIZE       =   ----    ----
   HDATA SIZE       =   ----    ----
   XDATA CONST SIZE =   ----    ----
   FAR CONST SIZE   =   ----    ----
C51 COMPILER V9.53.0.0   PART2                                                             05/25/2015 12:59:13 PAGE 2   

END OF MODULE INFORMATION.


C51 COMPILATION COMPLETE.  1 WARNING(S),  0 ERROR(S)
