C51 COMPILER V9.53.0.0   WTITE                                                             06/02/2015 17:48:30 PAGE 1   


C51 COMPILER V9.53.0.0, COMPILATION OF MODULE WTITE
OBJECT MODULE PLACED IN .\Objects\wtite.obj
COMPILER INVOKED BY: C:\PROGRA~2\Keil\C51\BIN\C51.EXE wtite.c LARGE OMF2 OPTIMIZE(8,SPEED) BROWSE DEBUG PRINT(.\Listings
                    -\wtite.lst) TABS(2) OBJECT(.\Objects\wtite.obj)

line level    source

*** WARNING C500 IN LINE 1 OF wtite.c: LICENSE ERROR (R207(3): REGISTRY READ ERROR)

   1          #include <t89c51ac3.h>
   2          #include <phys340libkeil.h>
   3          #include <string.h>
   4          #include <stdio.h>
   5          
   6          char value;
   7          
   8          
   9          void main()
  10          {
  11   1        initLCD();
  12   1        initSerial(1200);
  13   1        while(1)
  14   1        {
  15   2          //checking for RI interrupt flag
  16   2          if(RI)
  17   2            {
  18   3              //get char from hyperterminal
  19   3              //value = SBUF; 
  20   3              value = readCharSerial();
  21   3              //write to LCD
  22   3              writeCharLCD(value);
  23   3              //write to hyperterminal
  24   3              
  25   3              TI = 0; //clear TI interrupt flag
  26   3              SBUF = value;
  27   3              while(TI == 0){}
  28   3              //writeCharSerial(value);
  29   3              //clear RI interrupt flag
  30   3              RI = 0;
  31   3            }
  32   2        }
  33   1      }


MODULE INFORMATION:   STATIC OVERLAYABLE
   CODE SIZE        =     39    ----
   CONSTANT SIZE    =   ----    ----
   XDATA SIZE       =      1    ----
   PDATA SIZE       =   ----    ----
   DATA SIZE        =   ----    ----
   IDATA SIZE       =   ----    ----
   BIT SIZE         =   ----    ----
   EDATA SIZE       =   ----    ----
   HDATA SIZE       =   ----    ----
   XDATA CONST SIZE =   ----    ----
   FAR CONST SIZE   =   ----    ----
END OF MODULE INFORMATION.


C51 COMPILATION COMPLETE.  1 WARNING(S),  0 ERROR(S)
