C51 COMPILER V9.53.0.0   LCD                                                               04/24/2015 12:07:30 PAGE 1   


C51 COMPILER V9.53.0.0, COMPILATION OF MODULE LCD
OBJECT MODULE PLACED IN .\Objects\lcd.obj
COMPILER INVOKED BY: C:\PROGRA~2\Keil\C51\BIN\C51.EXE ..\..\code\ECEN301\lcd.c LARGE OMF2 OPTIMIZE(8,SPEED) BROWSE DEBUG
                    - PRINT(.\Listings\lcd.lst) TABS(2) OBJECT(.\Objects\lcd.obj)

line level    source

*** WARNING C500 IN LINE 1 OF ..\..\code\ECEN301\lcd.c: LICENSE ERROR (R207(3): REGISTRY READ ERROR)

   1          /***************************************************************************/
   2          /*                                                                         */
   3          /*    Program to put info on LCD display                                   */
   4          /*                                                                         */
   5          /***************************************************************************/
   6          
   7          
   8          /***  Include Files  *******************************************************/
   9          
  10          #include <t89c51ac3.h>
  11          #include <phys340libkeil.h>
  12          #include <string.h>
  13          #include <stdio.h>
  14          
  15          char outputText [33];
  16          char str[15];
  17          int n;
  18          /**  Main Function  ********************************************************/
  19          
  20          void main()
  21          {
  22   1        // Initialise Display
  23   1        initLCD();
  24   1        
  25   1        //char a = 'a';
  26   1        //outputText[0] = 'a';
  27   1        //writeLineLCD(outputText);
  28   1        
  29   1        
  30   1        //outputText[0] = '1';
  31   1        //outputText[1] = 'h';
  32   1        
  33   1        //writeLineLCD(outputText);
  34   1        n = 0;
  35   1        while(1)
  36   1          {
  37   2            clearLCD();
  38   2            sprintf(str,"%d",n);
  39   2            writeLineLCD(str);
  40   2            delaya(10000);
  41   2            n++;
  42   2            
  43   2            
  44   2          }
  45   1      
  46   1        
  47   1      }
  48          


MODULE INFORMATION:   STATIC OVERLAYABLE
   CODE SIZE        =     83    ----
   CONSTANT SIZE    =      3    ----
C51 COMPILER V9.53.0.0   LCD                                                               04/24/2015 12:07:30 PAGE 2   

   XDATA SIZE       =     50    ----
   PDATA SIZE       =   ----    ----
   DATA SIZE        =   ----    ----
   IDATA SIZE       =   ----    ----
   BIT SIZE         =   ----    ----
   EDATA SIZE       =   ----    ----
   HDATA SIZE       =   ----    ----
   XDATA CONST SIZE =   ----    ----
   FAR CONST SIZE   =   ----    ----
END OF MODULE INFORMATION.


C51 COMPILATION COMPLETE.  1 WARNING(S),  0 ERROR(S)
